Started GET "/" for ::1 at 2022-04-16 15:57:40 -0300
  [1m[35m (40.4ms)[0m  [1m[34mSELECT sqlite_version(*)[0m
Processing by Rails::WelcomeController#index as */*
  Rendering /var/lib/gems/2.7.0/gems/railties-7.0.2.3/lib/rails/templates/rails/welcome/index.html.erb
  Rendered /var/lib/gems/2.7.0/gems/railties-7.0.2.3/lib/rails/templates/rails/welcome/index.html.erb (Duration: 42.5ms | Allocations: 674)
Completed 200 OK in 474ms (Views: 171.5ms | ActiveRecord: 0.0ms | Allocations: 6484)


  [1m[35m (8.9ms)[0m  [1m[34mSELECT sqlite_version(*)[0m
  [1m[35m (21.2ms)[0m  [1m[35mCREATE TABLE "schema_migrations" ("version" varchar NOT NULL PRIMARY KEY)[0m
  [1m[35m (23.4ms)[0m  [1m[35mCREATE TABLE "ar_internal_metadata" ("key" varchar NOT NULL PRIMARY KEY, "value" varchar, "created_at" datetime(6) NOT NULL, "updated_at" datetime(6) NOT NULL)[0m
  [1m[36mActiveRecord::SchemaMigration Pluck (1.8ms)[0m  [1m[34mSELECT "schema_migrations"."version" FROM "schema_migrations" ORDER BY "schema_migrations"."version" ASC[0m
Migrating to CreateTableUser (20220416190001)
  [1m[36mTRANSACTION (0.1ms)[0m  [1m[36mbegin transaction[0m
  [1m[35m (12.9ms)[0m  [1m[35mCREATE TABLE "table_users" ("id" integer PRIMARY KEY AUTOINCREMENT NOT NULL, "first_name" varchar, "last_name" varchar, "email" varchar, "password" varchar, "created_at" datetime(6) NOT NULL, "updated_at" datetime(6) NOT NULL)[0m
  [1m[36mActiveRecord::SchemaMigration Create (5.2ms)[0m  [1m[32mINSERT INTO "schema_migrations" ("version") VALUES (?)[0m  [["version", "20220416190001"]]
  [1m[36mTRANSACTION (19.3ms)[0m  [1m[36mcommit transaction[0m
  [1m[36mActiveRecord::InternalMetadata Load (2.7ms)[0m  [1m[34mSELECT "ar_internal_metadata".* FROM "ar_internal_metadata" WHERE "ar_internal_metadata"."key" = ? LIMIT ?[0m  [["key", "environment"], ["LIMIT", 1]]
  [1m[36mTRANSACTION (0.0ms)[0m  [1m[36mbegin transaction[0m
  [1m[36mActiveRecord::InternalMetadata Create (9.8ms)[0m  [1m[32mINSERT INTO "ar_internal_metadata" ("key", "value", "created_at", "updated_at") VALUES (?, ?, ?, ?)[0m  [["key", "environment"], ["value", "development"], ["created_at", "2022-04-16 19:02:52.085578"], ["updated_at", "2022-04-16 19:02:52.085578"]]
  [1m[36mTRANSACTION (13.5ms)[0m  [1m[36mcommit transaction[0m
  [1m[35m (0.1ms)[0m  [1m[34mSELECT sqlite_version(*)[0m
  [1m[36mActiveRecord::SchemaMigration Pluck (3.0ms)[0m  [1m[34mSELECT "schema_migrations"."version" FROM "schema_migrations" ORDER BY "schema_migrations"."version" ASC[0m
  [1m[35m (8.6ms)[0m  [1m[34mSELECT sqlite_version(*)[0m
  [1m[36mActiveRecord::SchemaMigration Pluck (2.8ms)[0m  [1m[34mSELECT "schema_migrations"."version" FROM "schema_migrations" ORDER BY "schema_migrations"."version" ASC[0m
  [1m[36mActiveRecord::InternalMetadata Load (2.9ms)[0m  [1m[34mSELECT "ar_internal_metadata".* FROM "ar_internal_metadata" WHERE "ar_internal_metadata"."key" = ? LIMIT ?[0m  [["key", "environment"], ["LIMIT", 1]]
  [1m[35m (0.1ms)[0m  [1m[34mSELECT sqlite_version(*)[0m
  [1m[36mActiveRecord::SchemaMigration Pluck (2.9ms)[0m  [1m[34mSELECT "schema_migrations"."version" FROM "schema_migrations" ORDER BY "schema_migrations"."version" ASC[0m
  [1m[35m (9.3ms)[0m  [1m[34mSELECT sqlite_version(*)[0m
  [1m[36mUser Load (3.6ms)[0m  [1m[34mSELECT "users".* FROM "users"[0m
  [1m[36mUser Load (5.7ms)[0m  [1m[34mSELECT "users".* FROM "users"[0m
  [1m[35m (7.3ms)[0m  [1m[34mSELECT sqlite_version(*)[0m
  [1m[36mActiveRecord::SchemaMigration Pluck (4.6ms)[0m  [1m[34mSELECT "schema_migrations"."version" FROM "schema_migrations" ORDER BY "schema_migrations"."version" ASC[0m
Migrating to RenameTableUsers (20220416191645)
  [1m[36mTRANSACTION (0.1ms)[0m  [1m[36mbegin transaction[0m
  [1m[35m (12.5ms)[0m  [1m[35mALTER TABLE "table_users" RENAME TO "users"[0m
  [1m[36mActiveRecord::SchemaMigration Create (3.3ms)[0m  [1m[32mINSERT INTO "schema_migrations" ("version") VALUES (?)[0m  [["version", "20220416191645"]]
  [1m[36mTRANSACTION (12.0ms)[0m  [1m[36mcommit transaction[0m
  [1m[36mActiveRecord::InternalMetadata Load (3.8ms)[0m  [1m[34mSELECT "ar_internal_metadata".* FROM "ar_internal_metadata" WHERE "ar_internal_metadata"."key" = ? LIMIT ?[0m  [["key", "environment"], ["LIMIT", 1]]
  [1m[35m (0.1ms)[0m  [1m[34mSELECT sqlite_version(*)[0m
  [1m[36mActiveRecord::SchemaMigration Pluck (4.5ms)[0m  [1m[34mSELECT "schema_migrations"."version" FROM "schema_migrations" ORDER BY "schema_migrations"."version" ASC[0m
  [1m[35m (6.8ms)[0m  [1m[34mSELECT sqlite_version(*)[0m
  [1m[36mUser Load (19.0ms)[0m  [1m[34mSELECT "users".* FROM "users"[0m
  [1m[36mTRANSACTION (0.1ms)[0m  [1m[36mbegin transaction[0m
  [1m[36mUser Create (29.5ms)[0m  [1m[32mINSERT INTO "users" ("first_name", "last_name", "email", "password", "created_at", "updated_at") VALUES (?, ?, ?, ?, ?, ?)[0m  [["first_name", "Vitor"], ["last_name", "Ramos Turibio"], ["email", "vitorrt2015@gmail.com"], ["password", "[FILTERED]"], ["created_at", "2022-04-16 19:18:32.540064"], ["updated_at", "2022-04-16 19:18:32.540064"]]
  [1m[36mTRANSACTION (19.5ms)[0m  [1m[36mcommit transaction[0m
Started GET "/articles/5/edit" for ::1 at 2022-04-18 13:14:15 -0300
  [1m[35m (11.1ms)[0m  [1m[34mSELECT sqlite_version(*)[0m
  [1m[36mActiveRecord::SchemaMigration Pluck (2.7ms)[0m  [1m[34mSELECT "schema_migrations"."version" FROM "schema_migrations" ORDER BY "schema_migrations"."version" ASC[0m
  
ActionController::RoutingError (No route matches [GET] "/articles/5/edit"):
  
  [1m[35m (3.6ms)[0m  [1m[34mSELECT sqlite_version(*)[0m
  [1m[36mActiveRecord::SchemaMigration Pluck (2.5ms)[0m  [1m[34mSELECT "schema_migrations"."version" FROM "schema_migrations" ORDER BY "schema_migrations"."version" ASC[0m
Migrating to AddSecurePassword (20220418162122)
  [1m[36mTRANSACTION (0.1ms)[0m  [1m[36mbegin transaction[0m
  [1m[35m (9.1ms)[0m  [1m[35mALTER TABLE "users" ADD "password_diges" varchar[0m
  [1m[35m (0.0ms)[0m  [1m[35mPRAGMA foreign_keys[0m
  [1m[35m (0.1ms)[0m  [1m[35mPRAGMA defer_foreign_keys[0m
  [1m[35m (0.1ms)[0m  [1m[35mPRAGMA defer_foreign_keys = ON[0m
  [1m[35m (0.1ms)[0m  [1m[35mPRAGMA foreign_keys = OFF[0m
  [1m[35m (0.9ms)[0m  [1m[35mCREATE TEMPORARY TABLE "ausers" ("id" integer NOT NULL PRIMARY KEY, "first_name" varchar DEFAULT NULL, "last_name" varchar DEFAULT NULL, "email" varchar DEFAULT NULL, "password" varchar DEFAULT NULL, "created_at" datetime(6) NOT NULL, "updated_at" datetime(6) NOT NULL, "password_diges" varchar DEFAULT NULL)[0m
  [1m[35m (1.1ms)[0m  [1m[32mINSERT INTO "ausers" ("id","first_name","last_name","email","password","created_at","updated_at","password_diges")
                     SELECT "id","first_name","last_name","email","password","created_at","updated_at","password_diges" FROM "users"[0m
  [1m[35m (3.6ms)[0m  [1m[35mDROP TABLE "users"[0m
  [1m[35m (0.7ms)[0m  [1m[35mCREATE TABLE "users" ("id" integer NOT NULL PRIMARY KEY, "first_name" varchar DEFAULT NULL, "last_name" varchar DEFAULT NULL, "email" varchar DEFAULT NULL, "created_at" datetime(6) NOT NULL, "updated_at" datetime(6) NOT NULL, "password_diges" varchar DEFAULT NULL)[0m
  [1m[35m (0.1ms)[0m  [1m[32mINSERT INTO "users" ("id","first_name","last_name","email","created_at","updated_at","password_diges")
                     SELECT "id","first_name","last_name","email","created_at","updated_at","password_diges" FROM "ausers"[0m
  [1m[35m (0.1ms)[0m  [1m[35mDROP TABLE "ausers"[0m
  [1m[35m (0.1ms)[0m  [1m[35mPRAGMA defer_foreign_keys = 0[0m
  [1m[35m (0.1ms)[0m  [1m[35mPRAGMA foreign_keys = 1[0m
  [1m[36mActiveRecord::SchemaMigration Create (4.2ms)[0m  [1m[32mINSERT INTO "schema_migrations" ("version") VALUES (?)[0m  [["version", "20220418162122"]]
  [1m[36mTRANSACTION (12.7ms)[0m  [1m[36mcommit transaction[0m
  [1m[36mActiveRecord::InternalMetadata Load (3.6ms)[0m  [1m[34mSELECT "ar_internal_metadata".* FROM "ar_internal_metadata" WHERE "ar_internal_metadata"."key" = ? LIMIT ?[0m  [["key", "environment"], ["LIMIT", 1]]
  [1m[35m (0.1ms)[0m  [1m[34mSELECT sqlite_version(*)[0m
  [1m[36mActiveRecord::SchemaMigration Pluck (1.5ms)[0m  [1m[34mSELECT "schema_migrations"."version" FROM "schema_migrations" ORDER BY "schema_migrations"."version" ASC[0m
Started GET "/" for ::1 at 2022-04-18 13:33:44 -0300
  [1m[35m (0.1ms)[0m  [1m[34mSELECT sqlite_version(*)[0m
  [1m[36mActiveRecord::SchemaMigration Pluck (3.3ms)[0m  [1m[34mSELECT "schema_migrations"."version" FROM "schema_migrations" ORDER BY "schema_migrations"."version" ASC[0m
  
SyntaxError (/mnt/c/Users/vitor/OneDrive/Área de Trabalho/AreaDeTrabalho/Estudos/Ruby/course/projects/2_RubyOnRails/1_Login/Login/app/controllers/users_controller.rb:4: syntax error, unexpected constant, expecting `end'
        render :json User.all
                     ^~~~
):
  
app/controllers/users_controller.rb:4: syntax error, unexpected constant, expecting `end'
app/controllers/users_controller.rb:4: syntax error, unexpected constant, expecting `end'
app/controllers/users_controller.rb:4: syntax error, unexpected constant, expecting `end'
Started GET "/" for ::1 at 2022-04-18 13:34:19 -0300
Processing by UsersController#new as HTML
Completed 500 Internal Server Error in 27288ms (Allocations: 119634)


  
LoadError (cannot load such file -- bcrypt):
  
app/models/user.rb:6:in `<class:User>'
app/models/user.rb:1:in `<main>'
app/controllers/users_controller.rb:4:in `new'
Started GET "/" for ::1 at 2022-04-18 13:35:30 -0300
Processing by UsersController#new as HTML
Completed 500 Internal Server Error in 74841ms (Allocations: 89168)


  
LoadError (cannot load such file -- bcrypt):
  
app/models/user.rb:6:in `<class:User>'
app/models/user.rb:1:in `<main>'
app/controllers/users_controller.rb:4:in `new'
Started GET "/" for ::1 at 2022-04-18 13:37:50 -0300
  [1m[35m (3.5ms)[0m  [1m[34mSELECT sqlite_version(*)[0m
  [1m[36mActiveRecord::SchemaMigration Pluck (1.4ms)[0m  [1m[34mSELECT "schema_migrations"."version" FROM "schema_migrations" ORDER BY "schema_migrations"."version" ASC[0m
Processing by UsersController#new as HTML
  [1m[36mUser Load (1.6ms)[0m  [1m[34mSELECT "users".* FROM "users"[0m
  ↳ app/controllers/users_controller.rb:3:in `new'
  [1m[36mCACHE User Load (0.0ms)[0m  [1m[34mSELECT "users".* FROM "users"[0m
  ↳ app/controllers/users_controller.rb:4:in `new'
Completed 200 OK in 30212ms (Views: 2.8ms | ActiveRecord: 7.6ms | Allocations: 125062)


Started GET "/" for ::1 at 2022-04-18 13:40:53 -0300
Processing by UsersController#all as HTML
  [1m[35m (0.1ms)[0m  [1m[34mSELECT sqlite_version(*)[0m
  ↳ app/controllers/users_controller.rb:6:in `all'
  [1m[36mUser Load (1.7ms)[0m  [1m[34mSELECT "users".* FROM "users"[0m
  ↳ app/controllers/users_controller.rb:6:in `all'
Completed 200 OK in 74ms (Views: 19.9ms | ActiveRecord: 10.7ms | Allocations: 3685)


Started GET "/new" for ::1 at 2022-04-18 13:40:58 -0300
  
ActionController::RoutingError (No route matches [GET] "/new"):
  
Started GET "/" for ::1 at 2022-04-18 13:42:22 -0300
Processing by UsersController#all as */*
  [1m[35m (0.1ms)[0m  [1m[34mSELECT sqlite_version(*)[0m
  ↳ app/controllers/users_controller.rb:6:in `all'
  [1m[36mUser Load (1.3ms)[0m  [1m[34mSELECT "users".* FROM "users"[0m
  ↳ app/controllers/users_controller.rb:6:in `all'
Completed 200 OK in 53ms (Views: 19.4ms | ActiveRecord: 10.0ms | Allocations: 3669)


Started POST "/user" for ::1 at 2022-04-18 13:42:57 -0300
Processing by UsersController#new as */*
Can't verify CSRF token authenticity.
Completed 422 Unprocessable Entity in 1ms (ActiveRecord: 0.0ms | Allocations: 421)


  
ActionController::InvalidAuthenticityToken (Can't verify CSRF token authenticity.):
  
actionpack (7.0.2.3) lib/action_controller/metal/request_forgery_protection.rb:251:in `handle_unverified_request'
actionpack (7.0.2.3) lib/action_controller/metal/request_forgery_protection.rb:284:in `handle_unverified_request'
actionpack (7.0.2.3) lib/action_controller/metal/request_forgery_protection.rb:273:in `verify_authenticity_token'
activesupport (7.0.2.3) lib/active_support/callbacks.rb:400:in `block in make_lambda'
activesupport (7.0.2.3) lib/active_support/callbacks.rb:199:in `block (2 levels) in halting'
actionpack (7.0.2.3) lib/abstract_controller/callbacks.rb:34:in `block (2 levels) in <module:Callbacks>'
activesupport (7.0.2.3) lib/active_support/callbacks.rb:200:in `block in halting'
activesupport (7.0.2.3) lib/active_support/callbacks.rb:595:in `block in invoke_before'
activesupport (7.0.2.3) lib/active_support/callbacks.rb:595:in `each'
activesupport (7.0.2.3) lib/active_support/callbacks.rb:595:in `invoke_before'
activesupport (7.0.2.3) lib/active_support/callbacks.rb:116:in `block in run_callbacks'
activesupport (7.0.2.3) lib/active_support/callbacks.rb:138:in `run_callbacks'
actionpack (7.0.2.3) lib/abstract_controller/callbacks.rb:233:in `process_action'
actionpack (7.0.2.3) lib/action_controller/metal/rescue.rb:22:in `process_action'
actionpack (7.0.2.3) lib/action_controller/metal/instrumentation.rb:67:in `block in process_action'
activesupport (7.0.2.3) lib/active_support/notifications.rb:206:in `block in instrument'
activesupport (7.0.2.3) lib/active_support/notifications/instrumenter.rb:24:in `instrument'
activesupport (7.0.2.3) lib/active_support/notifications.rb:206:in `instrument'
actionpack (7.0.2.3) lib/action_controller/metal/instrumentation.rb:66:in `process_action'
actionpack (7.0.2.3) lib/action_controller/metal/params_wrapper.rb:259:in `process_action'
activerecord (7.0.2.3) lib/active_record/railties/controller_runtime.rb:27:in `process_action'
actionpack (7.0.2.3) lib/abstract_controller/base.rb:151:in `process'
actionview (7.0.2.3) lib/action_view/rendering.rb:39:in `process'
actionpack (7.0.2.3) lib/action_controller/metal.rb:188:in `dispatch'
actionpack (7.0.2.3) lib/action_controller/metal.rb:251:in `dispatch'
actionpack (7.0.2.3) lib/action_dispatch/routing/route_set.rb:49:in `dispatch'
actionpack (7.0.2.3) lib/action_dispatch/routing/route_set.rb:32:in `serve'
actionpack (7.0.2.3) lib/action_dispatch/journey/router.rb:50:in `block in serve'
actionpack (7.0.2.3) lib/action_dispatch/journey/router.rb:32:in `each'
actionpack (7.0.2.3) lib/action_dispatch/journey/router.rb:32:in `serve'
actionpack (7.0.2.3) lib/action_dispatch/routing/route_set.rb:850:in `call'
rack (2.2.3) lib/rack/tempfile_reaper.rb:15:in `call'
rack (2.2.3) lib/rack/etag.rb:27:in `call'
rack (2.2.3) lib/rack/conditional_get.rb:40:in `call'
rack (2.2.3) lib/rack/head.rb:12:in `call'
actionpack (7.0.2.3) lib/action_dispatch/http/permissions_policy.rb:22:in `call'
actionpack (7.0.2.3) lib/action_dispatch/http/content_security_policy.rb:18:in `call'
rack (2.2.3) lib/rack/session/abstract/id.rb:266:in `context'
rack (2.2.3) lib/rack/session/abstract/id.rb:260:in `call'
actionpack (7.0.2.3) lib/action_dispatch/middleware/cookies.rb:693:in `call'
activerecord (7.0.2.3) lib/active_record/migration.rb:603:in `call'
actionpack (7.0.2.3) lib/action_dispatch/middleware/callbacks.rb:27:in `block in call'
activesupport (7.0.2.3) lib/active_support/callbacks.rb:99:in `run_callbacks'
actionpack (7.0.2.3) lib/action_dispatch/middleware/callbacks.rb:26:in `call'
actionpack (7.0.2.3) lib/action_dispatch/middleware/executor.rb:14:in `call'
actionpack (7.0.2.3) lib/action_dispatch/middleware/actionable_exceptions.rb:17:in `call'
actionpack (7.0.2.3) lib/action_dispatch/middleware/debug_exceptions.rb:28:in `call'
web-console (4.2.0) lib/web_console/middleware.rb:132:in `call_app'
web-console (4.2.0) lib/web_console/middleware.rb:28:in `block in call'
web-console (4.2.0) lib/web_console/middleware.rb:17:in `catch'
web-console (4.2.0) lib/web_console/middleware.rb:17:in `call'
actionpack (7.0.2.3) lib/action_dispatch/middleware/show_exceptions.rb:26:in `call'
railties (7.0.2.3) lib/rails/rack/logger.rb:36:in `call_app'
railties (7.0.2.3) lib/rails/rack/logger.rb:25:in `block in call'
activesupport (7.0.2.3) lib/active_support/tagged_logging.rb:99:in `block in tagged'
activesupport (7.0.2.3) lib/active_support/tagged_logging.rb:37:in `tagged'
activesupport (7.0.2.3) lib/active_support/tagged_logging.rb:99:in `tagged'
railties (7.0.2.3) lib/rails/rack/logger.rb:25:in `call'
sprockets-rails (3.4.2) lib/sprockets/rails/quiet_assets.rb:13:in `call'
actionpack (7.0.2.3) lib/action_dispatch/middleware/remote_ip.rb:93:in `call'
actionpack (7.0.2.3) lib/action_dispatch/middleware/request_id.rb:26:in `call'
rack (2.2.3) lib/rack/method_override.rb:24:in `call'
rack (2.2.3) lib/rack/runtime.rb:22:in `call'
activesupport (7.0.2.3) lib/active_support/cache/strategy/local_cache_middleware.rb:29:in `call'
actionpack (7.0.2.3) lib/action_dispatch/middleware/server_timing.rb:20:in `call'
actionpack (7.0.2.3) lib/action_dispatch/middleware/executor.rb:14:in `call'
actionpack (7.0.2.3) lib/action_dispatch/middleware/static.rb:23:in `call'
rack (2.2.3) lib/rack/sendfile.rb:110:in `call'
actionpack (7.0.2.3) lib/action_dispatch/middleware/host_authorization.rb:137:in `call'
railties (7.0.2.3) lib/rails/engine.rb:530:in `call'
puma (5.6.4) lib/puma/configuration.rb:252:in `call'
puma (5.6.4) lib/puma/request.rb:77:in `block in handle_request'
puma (5.6.4) lib/puma/thread_pool.rb:340:in `with_force_shutdown'
puma (5.6.4) lib/puma/request.rb:76:in `handle_request'
puma (5.6.4) lib/puma/server.rb:441:in `process_client'
puma (5.6.4) lib/puma/thread_pool.rb:147:in `block in spawn_thread'
Started POST "/user" for ::1 at 2022-04-18 13:45:27 -0300
Processing by UsersController#new as */*
Can't verify CSRF token authenticity.
Completed 200 OK in 15ms (Views: 0.1ms | Allocations: 168)


Started POST "/user" for ::1 at 2022-04-18 14:15:51 -0300
  [1m[35m (0.1ms)[0m  [1m[34mSELECT sqlite_version(*)[0m
Processing by UsersController#new as */*
  Parameters: {"first_name"=>"Eduardo", "last_name"=>"Marcos da Silva", "email"=>"eduar20@gmail.com", "password"=>"[FILTERED]", "user"=>{"first_name"=>"Eduardo", "last_name"=>"Marcos da Silva", "email"=>"eduar20@gmail.com"}}
Can't verify CSRF token authenticity.
Completed 200 OK in 229433ms (Views: 0.5ms | ActiveRecord: 6.2ms | Allocations: 101984)


Started POST "/user" for ::1 at 2022-04-18 14:19:47 -0300
  [1m[35m (0.2ms)[0m  [1m[34mSELECT sqlite_version(*)[0m
Processing by UsersController#new as */*
  Parameters: {"first_name"=>"Eduardo", "last_name"=>"Marcos da Silva", "email"=>"eduar20@gmail.com", "password"=>"[FILTERED]", "user"=>{"first_name"=>"Eduardo", "last_name"=>"Marcos da Silva", "email"=>"eduar20@gmail.com"}}
Can't verify CSRF token authenticity.
Completed 500 Internal Server Error in 18455ms (ActiveRecord: 14.5ms | Allocations: 82490)


  
ActiveModel::ForbiddenAttributesError (ActiveModel::ForbiddenAttributesError):
  
app/controllers/users_controller.rb:9:in `new'
Started GET "/create" for ::1 at 2022-04-18 14:22:24 -0300
  
ArgumentError ('user:' is not a supported controller name. This can lead to potential routing problems. See https://guides.rubyonrails.org/routing.html#specifying-a-controller-to-use):
  
config/routes.rb:8:in `block in <main>'
config/routes.rb:1:in `<main>'
Started GET "/create" for ::1 at 2022-04-18 14:22:44 -0300
  
ArgumentError ('users:' is not a supported controller name. This can lead to potential routing problems. See https://guides.rubyonrails.org/routing.html#specifying-a-controller-to-use):
  
config/routes.rb:8:in `block in <main>'
config/routes.rb:1:in `<main>'
Started GET "/create" for ::1 at 2022-04-18 14:22:57 -0300
Processing by UsersController#create as HTML
  Rendering layout layouts/application.html.erb
  Rendering users/create.html.erb within layouts/application
  Rendered users/create.html.erb within layouts/application (Duration: 14.0ms | Allocations: 1399)
  Rendered layout layouts/application.html.erb (Duration: 14.9ms | Allocations: 1473)
Completed 500 Internal Server Error in 45ms (Allocations: 2366)


  
ActionView::Template::Error (First argument in form cannot contain nil or be empty):
    1: <%= form_for @user do |f| %>
    2:     <% if @user.errors.any? %>
    3:     <div id="error_explanation">
    4:                 <div class="alert-error">
  
app/views/users/create.html.erb:1
Started GET "/create" for ::1 at 2022-04-18 14:23:49 -0300
Processing by UsersController#create as HTML
  [1m[35m (0.1ms)[0m  [1m[34mSELECT sqlite_version(*)[0m
  ↳ app/controllers/users_controller.rb:17:in `create'
  Rendering layout layouts/application.html.erb
  Rendering users/create.html.erb within layouts/application
  Rendered users/create.html.erb within layouts/application (Duration: 6.3ms | Allocations: 3242)
  Rendered layout layouts/application.html.erb (Duration: 7.4ms | Allocations: 3317)
Completed 500 Internal Server Error in 64ms (ActiveRecord: 7.9ms | Allocations: 6724)


  
ActionView::Template::Error (undefined method `users_path' for #<ActionView::Base:0x000000000258f0>
Did you mean?  user_path):
    1: <%= form_for @user do |f| %>
    2:     <% if @user.errors.any? %>
    3:     <div id="error_explanation">
    4:                 <div class="alert-error">
  
app/views/users/create.html.erb:1
Started GET "/create" for ::1 at 2022-04-18 14:24:37 -0300
Processing by UsersController#create as HTML
  Rendering layout layouts/application.html.erb
  Rendering users/create.html.erb within layouts/application
  Rendered users/create.html.erb within layouts/application (Duration: 7.2ms | Allocations: 3252)
  Rendered layout layouts/application.html.erb (Duration: 7.9ms | Allocations: 3326)
Completed 500 Internal Server Error in 23ms (ActiveRecord: 0.0ms | Allocations: 3567)


  
ActionView::Template::Error (undefined method `users_path' for #<ActionView::Base:0x00000000025c38>
Did you mean?  user_path):
    1: <%= form_for @user do |f| %>
    2:     <% if @user.errors.any? %>
    3:     <div id="error_explanation">
    4:                 <div class="alert-error">
  
app/views/users/create.html.erb:1
Started PUT "/__web_console/repl_sessions/456250fba7b154bd53b2e9d3dc5612f5" for ::1 at 2022-04-18 14:24:43 -0300
Started PUT "/__web_console/repl_sessions/456250fba7b154bd53b2e9d3dc5612f5" for ::1 at 2022-04-18 14:24:43 -0300
Started PUT "/__web_console/repl_sessions/456250fba7b154bd53b2e9d3dc5612f5" for ::1 at 2022-04-18 14:24:47 -0300
Started GET "/create" for ::1 at 2022-04-18 14:25:04 -0300
Processing by UsersController#create as HTML
  Rendering layout layouts/application.html.erb
  Rendering users/create.html.erb within layouts/application
Started GET "/create" for ::1 at 2022-04-18 14:26:03 -0300
  [1m[35m (4.0ms)[0m  [1m[34mSELECT sqlite_version(*)[0m
  [1m[36mActiveRecord::SchemaMigration Pluck (1.2ms)[0m  [1m[34mSELECT "schema_migrations"."version" FROM "schema_migrations" ORDER BY "schema_migrations"."version" ASC[0m
Processing by UsersController#create as HTML
  Rendering layout layouts/application.html.erb
  Rendering users/create.html.erb within layouts/application
Started GET "/create" for ::1 at 2022-04-18 14:26:54 -0300
  [1m[35m (3.8ms)[0m  [1m[34mSELECT sqlite_version(*)[0m
  [1m[36mActiveRecord::SchemaMigration Pluck (1.4ms)[0m  [1m[34mSELECT "schema_migrations"."version" FROM "schema_migrations" ORDER BY "schema_migrations"."version" ASC[0m
Processing by UsersController#create as HTML
  Rendering layout layouts/application.html.erb
  Rendering users/create.html.erb within layouts/application
  Rendered users/create.html.erb within layouts/application (Duration: 13.0ms | Allocations: 290)
  Rendered layout layouts/application.html.erb (Duration: 1647.6ms | Allocations: 111959)
Completed 200 OK in 1757ms (Views: 1666.6ms | ActiveRecord: 5.8ms | Allocations: 122630)


Started POST "/user" for ::1 at 2022-04-18 14:28:11 -0300
Processing by UsersController#new as */*
  Parameters: {"first_name"=>"Eduardo", "last_name"=>"Marcos da Silva", "email"=>"eduar20@gmail.com", "password"=>"[FILTERED]", "user"=>{"first_name"=>"Eduardo", "last_name"=>"Marcos da Silva", "email"=>"eduar20@gmail.com"}}
Can't verify CSRF token authenticity.
Completed 500 Internal Server Error in 14284ms (ActiveRecord: 0.0ms | Allocations: 111650)


  
ActiveModel::ForbiddenAttributesError (ActiveModel::ForbiddenAttributesError):
  
app/controllers/users_controller.rb:9:in `new'
Started POST "/user" for ::1 at 2022-04-18 14:29:38 -0300
  [1m[35m (0.1ms)[0m  [1m[34mSELECT sqlite_version(*)[0m
Processing by UsersController#new as */*
  Parameters: {"first_name"=>"Eduardo", "last_name"=>"Marcos da Silva", "email"=>"eduar20@gmail.com", "password"=>"[FILTERED]", "user"=>{"first_name"=>"Eduardo", "last_name"=>"Marcos da Silva", "email"=>"eduar20@gmail.com"}}
Can't verify CSRF token authenticity.
Completed 500 Internal Server Error in 24ms (ActiveRecord: 6.9ms | Allocations: 1195)


  
NoMethodError (undefined method `first_name' for #<ActionController::Parameters:0x00007f834c213a50>):
  
app/controllers/users_controller.rb:8:in `new'
Started POST "/user" for ::1 at 2022-04-18 14:32:20 -0300
  [1m[35m (0.1ms)[0m  [1m[34mSELECT sqlite_version(*)[0m
Processing by UsersController#new as */*
  Parameters: {"first_name"=>"Eduardo", "last_name"=>"Marcos da Silva", "email"=>"eduar20@gmail.com", "password"=>"[FILTERED]", "password_confirmation"=>"[FILTERED]", "user"=>{"first_name"=>"Eduardo", "last_name"=>"Marcos da Silva", "email"=>"eduar20@gmail.com"}}
Can't verify CSRF token authenticity.
Completed 500 Internal Server Error in 17763ms (ActiveRecord: 14.0ms | Allocations: 69823)


  
ActiveModel::ForbiddenAttributesError (ActiveModel::ForbiddenAttributesError):
  
app/controllers/users_controller.rb:6:in `new'
Started POST "/user" for ::1 at 2022-04-18 14:33:58 -0300
  [1m[35m (0.1ms)[0m  [1m[34mSELECT sqlite_version(*)[0m
Processing by UsersController#new as */*
  Parameters: {"first_name"=>"Eduardo", "last_name"=>"Marcos da Silva", "email"=>"eduar20@gmail.com", "password"=>"[FILTERED]", "password_confirmation"=>"[FILTERED]", "user"=>{"first_name"=>"Eduardo", "last_name"=>"Marcos da Silva", "email"=>"eduar20@gmail.com"}}
Can't verify CSRF token authenticity.
Completed 200 OK in 20416ms (Views: 0.2ms | ActiveRecord: 10.5ms | Allocations: 83356)


Started GET "/" for ::1 at 2022-04-18 14:34:31 -0300
Processing by UsersController#all as */*
  [1m[36mUser Load (2.1ms)[0m  [1m[34mSELECT "users".* FROM "users"[0m
  ↳ app/controllers/users_controller.rb:11:in `all'
Completed 200 OK in 19ms (Views: 2.3ms | ActiveRecord: 2.1ms | Allocations: 893)


Started POST "/user" for ::1 at 2022-04-18 14:35:16 -0300
  
SyntaxError (/mnt/c/Users/vitor/OneDrive/Área de Trabalho/AreaDeTrabalho/Estudos/Ruby/course/projects/2_RubyOnRails/1_Login/Login/app/controllers/users_controller.rb:24: syntax error, unexpected end-of-input, expecting `end'):
  
app/controllers/users_controller.rb:24: syntax error, unexpected end-of-input, expecting `end'
app/controllers/users_controller.rb:24: syntax error, unexpected end-of-input, expecting `end'
app/controllers/users_controller.rb:24: syntax error, unexpected end-of-input, expecting `end'
Started POST "/user" for ::1 at 2022-04-18 14:35:34 -0300
  [1m[35m (0.1ms)[0m  [1m[34mSELECT sqlite_version(*)[0m
Processing by UsersController#new as */*
  Parameters: {"first_name"=>"Eduardo", "last_name"=>"Marcos da Silva", "email"=>"eduar20@gmail.com", "password"=>"[FILTERED]", "password_confirmation"=>"[FILTERED]", "user"=>{"first_name"=>"Eduardo", "last_name"=>"Marcos da Silva", "email"=>"eduar20@gmail.com"}}
Can't verify CSRF token authenticity.
Completed 500 Internal Server Error in 7707ms (ActiveRecord: 16.2ms | Allocations: 72240)


  
NoMethodError (undefined method `password_digest' for #<User:0x00007f8360a2b1e8>
Did you mean?  password_diges
               password_diges=
               password_diges?
               password_diges_was):
  
app/controllers/users_controller.rb:7:in `new'
Started GET "/" for ::1 at 2022-04-18 14:38:16 -0300
Processing by UsersController#all as */*
  [1m[36mUser Load (1.6ms)[0m  [1m[34mSELECT "users".* FROM "users"[0m
  ↳ app/controllers/users_controller.rb:14:in `all'
Completed 200 OK in 19ms (Views: 2.2ms | ActiveRecord: 1.6ms | Allocations: 855)


Started POST "/user" for ::1 at 2022-04-18 14:47:23 -0300
  [1m[35m (5.4ms)[0m  [1m[34mSELECT sqlite_version(*)[0m
  [1m[36mActiveRecord::SchemaMigration Pluck (1.4ms)[0m  [1m[34mSELECT "schema_migrations"."version" FROM "schema_migrations" ORDER BY "schema_migrations"."version" ASC[0m
Processing by UsersController#new as */*
  Parameters: {"first_name"=>"Eduardo", "last_name"=>"Marcos da Silva", "email"=>"eduar20@gmail.com", "password"=>"[FILTERED]", "password_confirmation"=>"[FILTERED]", "user"=>{"first_name"=>"Eduardo", "last_name"=>"Marcos da Silva", "email"=>"eduar20@gmail.com"}}
Can't verify CSRF token authenticity.
Completed 500 Internal Server Error in 4077ms (ActiveRecord: 7.6ms | Allocations: 109824)


  
NoMethodError (undefined method `password_digest' for #<User:0x00007f17308cc758>
Did you mean?  password_diges
               password_diges=
               password_diges?
               password_diges_was):
  
app/controllers/users_controller.rb:7:in `new'
Started POST "/user" for ::1 at 2022-04-18 14:47:50 -0300
  [1m[35m (0.1ms)[0m  [1m[34mSELECT sqlite_version(*)[0m
Processing by UsersController#new as */*
  Parameters: {"first_name"=>"Eduardo", "last_name"=>"Marcos da Silva", "email"=>"eduar20@gmail.com", "password"=>"[FILTERED]", "password_confirmation"=>"[FILTERED]", "user"=>{"first_name"=>"Eduardo", "last_name"=>"Marcos da Silva", "email"=>"eduar20@gmail.com"}}
Can't verify CSRF token authenticity.
Completed 500 Internal Server Error in 30ms (ActiveRecord: 9.6ms | Allocations: 4688)


  
NoMethodError (undefined method `password_digest' for #<User:0x00007f172815f810>
Did you mean?  password_diges
               password_diges=
               password_diges?
               password_diges_was):
  
app/controllers/users_controller.rb:6:in `new'
Started POST "/user" for ::1 at 2022-04-18 14:48:32 -0300
  [1m[35m (0.1ms)[0m  [1m[34mSELECT sqlite_version(*)[0m
Processing by UsersController#new as */*
  Parameters: {"first_name"=>"Eduardo", "last_name"=>"Marcos da Silva", "email"=>"eduar20@gmail.com", "password"=>"[FILTERED]", "password_confirmation"=>"[FILTERED]", "user"=>{"first_name"=>"Eduardo", "last_name"=>"Marcos da Silva", "email"=>"eduar20@gmail.com"}}
Can't verify CSRF token authenticity.
Completed 500 Internal Server Error in 151551ms (ActiveRecord: 9.3ms | Allocations: 209755)


  
NoMethodError (undefined method `password_digest' for #<User:0x00007f173ca12b38>
Did you mean?  password_diges
               password_diges=
               password_diges?
               password_diges_was):
  
app/controllers/users_controller.rb:7:in `new'
  [1m[35m (3.9ms)[0m  [1m[34mSELECT sqlite_version(*)[0m
  [1m[36mActiveRecord::SchemaMigration Pluck (1.6ms)[0m  [1m[34mSELECT "schema_migrations"."version" FROM "schema_migrations" ORDER BY "schema_migrations"."version" ASC[0m
  [1m[36mActiveRecord::InternalMetadata Load (2.2ms)[0m  [1m[34mSELECT "ar_internal_metadata".* FROM "ar_internal_metadata" WHERE "ar_internal_metadata"."key" = ? LIMIT ?[0m  [["key", "environment"], ["LIMIT", 1]]
  [1m[35m (0.1ms)[0m  [1m[34mSELECT sqlite_version(*)[0m
  [1m[36mActiveRecord::SchemaMigration Pluck (2.0ms)[0m  [1m[34mSELECT "schema_migrations"."version" FROM "schema_migrations" ORDER BY "schema_migrations"."version" ASC[0m
Started POST "/user" for ::1 at 2022-04-18 14:52:28 -0300
  [1m[35m (0.1ms)[0m  [1m[34mSELECT sqlite_version(*)[0m
Processing by UsersController#new as */*
  Parameters: {"first_name"=>"Eduardo", "last_name"=>"Marcos da Silva", "email"=>"eduar20@gmail.com", "password"=>"[FILTERED]", "password_confirmation"=>"[FILTERED]", "user"=>{"first_name"=>"Eduardo", "last_name"=>"Marcos da Silva", "email"=>"eduar20@gmail.com"}}
Can't verify CSRF token authenticity.
Completed 500 Internal Server Error in 148953ms (ActiveRecord: 7.9ms | Allocations: 84911)


  
NoMethodError (undefined method `password_digest' for #<User:0x00007f173c7b4828>
Did you mean?  password_diges
               password_diges=
               password_diges?
               password_diges_was):
  
app/controllers/users_controller.rb:7:in `new'
Started POST "/user" for ::1 at 2022-04-18 14:55:03 -0300
  [1m[35m (0.1ms)[0m  [1m[34mSELECT sqlite_version(*)[0m
Processing by UsersController#new as */*
  Parameters: {"first_name"=>"Eduardo", "last_name"=>"Marcos da Silva", "email"=>"eduar20@gmail.com", "password"=>"[FILTERED]", "password_confirmation"=>"[FILTERED]", "user"=>{"first_name"=>"Eduardo", "last_name"=>"Marcos da Silva", "email"=>"eduar20@gmail.com"}}
Can't verify CSRF token authenticity.
Completed 500 Internal Server Error in 8538ms (ActiveRecord: 10.3ms | Allocations: 86248)


  
NoMethodError (undefined method `password_digest' for #<User:0x00007f1731931148>
Did you mean?  password_diges
               password_diges=
               password_diges?
               password_diges_was):
  
app/controllers/users_controller.rb:7:in `new'
  [1m[35m (6.0ms)[0m  [1m[34mSELECT sqlite_version(*)[0m
  [1m[36mActiveRecord::SchemaMigration Pluck (2.2ms)[0m  [1m[34mSELECT "schema_migrations"."version" FROM "schema_migrations" ORDER BY "schema_migrations"."version" ASC[0m
  [1m[36mActiveRecord::InternalMetadata Load (3.2ms)[0m  [1m[34mSELECT "ar_internal_metadata".* FROM "ar_internal_metadata" WHERE "ar_internal_metadata"."key" = ? LIMIT ?[0m  [["key", "environment"], ["LIMIT", 1]]
  [1m[35m (0.1ms)[0m  [1m[34mSELECT sqlite_version(*)[0m
  [1m[36mActiveRecord::SchemaMigration Pluck (1.4ms)[0m  [1m[34mSELECT "schema_migrations"."version" FROM "schema_migrations" ORDER BY "schema_migrations"."version" ASC[0m
Started POST "/user" for ::1 at 2022-04-18 14:56:23 -0300
  [1m[35m (0.3ms)[0m  [1m[34mSELECT sqlite_version(*)[0m
Processing by UsersController#new as */*
  Parameters: {"first_name"=>"Eduardo", "last_name"=>"Marcos da Silva", "email"=>"eduar20@gmail.com", "password"=>"[FILTERED]", "password_confirmation"=>"[FILTERED]", "user"=>{"first_name"=>"Eduardo", "last_name"=>"Marcos da Silva", "email"=>"eduar20@gmail.com"}}
Can't verify CSRF token authenticity.
Completed 500 Internal Server Error in 275155ms (ActiveRecord: 10.4ms | Allocations: 114773)


  
NoMethodError (undefined method `password_digest' for #<User:0x000056455ea2dee8>
Did you mean?  password_diges
               password_diges=
               password_diges?
               password_diges_was):
  
app/controllers/users_controller.rb:7:in `new'
Started POST "/user" for ::1 at 2022-04-18 15:01:02 -0300
  [1m[35m (0.1ms)[0m  [1m[34mSELECT sqlite_version(*)[0m
Processing by UsersController#new as */*
  Parameters: {"first_name"=>"Eduardo", "last_name"=>"Marcos da Silva", "email"=>"eduar20@gmail.com", "password"=>"[FILTERED]", "password_confirmation"=>"[FILTERED]", "user"=>{"first_name"=>"Eduardo", "last_name"=>"Marcos da Silva", "email"=>"eduar20@gmail.com"}}
Can't verify CSRF token authenticity.
Completed 500 Internal Server Error in 9517ms (ActiveRecord: 9.1ms | Allocations: 83003)


  
NoMethodError (undefined method `password_digest' for #<User:0x00007f17309f6160>
Did you mean?  password_diges
               password_diges=
               password_diges?
               password_diges_was):
  
app/controllers/users_controller.rb:7:in `new'
Started POST "/user" for ::1 at 2022-04-18 15:21:00 -0300
  [1m[35m (4.9ms)[0m  [1m[34mSELECT sqlite_version(*)[0m
  [1m[36mActiveRecord::SchemaMigration Pluck (1.6ms)[0m  [1m[34mSELECT "schema_migrations"."version" FROM "schema_migrations" ORDER BY "schema_migrations"."version" ASC[0m
Processing by UsersController#new as */*
  Parameters: {"first_name"=>"Eduardo", "last_name"=>"Marcos da Silva", "email"=>"eduar20@gmail.com", "password"=>"[FILTERED]", "password_confirmation"=>"[FILTERED]", "user"=>{"first_name"=>"Eduardo", "last_name"=>"Marcos da Silva", "email"=>"eduar20@gmail.com"}}
Can't verify CSRF token authenticity.
  [1m[36mUser Load (4.8ms)[0m  [1m[34mSELECT "users".* FROM "users"[0m
  ↳ app/controllers/users_controller.rb:6:in `new'
  [1m[36mUser Load (1.3ms)[0m  [1m[34mSELECT "users".* FROM "users" WHERE "users"."id" = ? LIMIT ?[0m  [["id", 1], ["LIMIT", 1]]
  ↳ (rdbg)//mnt/c/Users/vitor/OneDrive/Área de Trabalho/AreaDeTrabalho/Estudos/Ruby/course/projects/2_RubyOnRails/1_Login/Login/app/controllers/users_controller.rb:1:in `new'
  [1m[36mCACHE User Load (0.0ms)[0m  [1m[34mSELECT "users".* FROM "users" WHERE "users"."id" = ? LIMIT ?[0m  [["id", 1], ["LIMIT", 1]]
  ↳ (rdbg)//mnt/c/Users/vitor/OneDrive/Área de Trabalho/AreaDeTrabalho/Estudos/Ruby/course/projects/2_RubyOnRails/1_Login/Login/app/controllers/users_controller.rb:1:in `new'
Completed 500 Internal Server Error in 60149ms (ActiveRecord: 14.6ms | Allocations: 229934)


  
NoMethodError (undefined method `password_digest' for #<User:0x00007f0ed8a60458>
Did you mean?  password_diges
               password_diges=
               password_diges?
               password_diges_was):
  
app/controllers/users_controller.rb:7:in `new'
Started POST "/user" for ::1 at 2022-04-18 15:22:38 -0300
  [1m[35m (0.1ms)[0m  [1m[34mSELECT sqlite_version(*)[0m
Processing by UsersController#new as */*
  Parameters: {"first_name"=>"Eduardo", "last_name"=>"Marcos da Silva", "email"=>"eduar20@gmail.com", "password"=>"[FILTERED]", "password_confirmation"=>"[FILTERED]", "user"=>{"first_name"=>"Eduardo", "last_name"=>"Marcos da Silva", "email"=>"eduar20@gmail.com"}}
Can't verify CSRF token authenticity.
Completed 500 Internal Server Error in 5792ms (ActiveRecord: 9.3ms | Allocations: 75633)


  
NoMethodError (undefined method `password_digest' for #<User:0x00007f0ecd021858>
Did you mean?  password_diges
               password_diges=
               password_diges?
               password_diges_was):
  
app/controllers/users_controller.rb:7:in `new'
Started POST "/user" for ::1 at 2022-04-18 15:23:16 -0300
  [1m[35m (0.1ms)[0m  [1m[34mSELECT sqlite_version(*)[0m
Processing by UsersController#new as */*
  Parameters: {"first_name"=>"Eduardo", "last_name"=>"Marcos da Silva", "email"=>"eduar20@gmail.com", "password"=>"[FILTERED]", "password_confirmation"=>"[FILTERED]", "user"=>{"first_name"=>"Eduardo", "last_name"=>"Marcos da Silva", "email"=>"eduar20@gmail.com"}}
Can't verify CSRF token authenticity.
Completed 500 Internal Server Error in 28ms (ActiveRecord: 6.6ms | Allocations: 4580)


  
NoMethodError (undefined method `password_digest' for #<User:0x00007f0ed8a40450>
Did you mean?  password_diges
               password_diges=
               password_diges?
               password_diges_was):
  
app/controllers/users_controller.rb:5:in `new'
Started POST "/user" for ::1 at 2022-04-18 15:23:44 -0300
  [1m[35m (0.1ms)[0m  [1m[34mSELECT sqlite_version(*)[0m
Processing by UsersController#new as */*
  Parameters: {"first_name"=>"Eduardo", "last_name"=>"Marcos da Silva", "email"=>"eduar20@gmail.com", "password"=>"[FILTERED]", "password_confirmation"=>"[FILTERED]", "user"=>{"first_name"=>"Eduardo", "last_name"=>"Marcos da Silva", "email"=>"eduar20@gmail.com"}}
Can't verify CSRF token authenticity.
Completed 500 Internal Server Error in 35360ms (ActiveRecord: 8.6ms | Allocations: 77518)


  
NoMethodError (undefined method `password_digest' for #<User:0x00007f0ed873d348>
Did you mean?  password_diges
               password_diges=
               password_diges?
               password_diges_was):
  
app/controllers/users_controller.rb:6:in `new'
Started POST "/user" for ::1 at 2022-04-18 15:24:23 -0300
  [1m[35m (0.1ms)[0m  [1m[34mSELECT sqlite_version(*)[0m
Processing by UsersController#new as */*
  Parameters: {"first_name"=>"Eduardo", "last_name"=>"Marcos da Silva", "email"=>"eduar20@gmail.com", "password"=>"[FILTERED]", "password_confirmation"=>"[FILTERED]", "user"=>{"first_name"=>"Eduardo", "last_name"=>"Marcos da Silva", "email"=>"eduar20@gmail.com"}}
Can't verify CSRF token authenticity.
  [1m[36mUser Load (3.6ms)[0m  [1m[34mSELECT "users".* FROM "users"[0m
  ↳ app/controllers/users_controller.rb:15:in `all'
Completed 400 Bad Request in 85581ms (Views: 5.7ms | ActiveRecord: 13.8ms | Allocations: 110259)


  
ActionController::ParameterMissing (param is missing or the value is empty: {"first_name"=>"Eduardo", "last_name"=>"Marcos da Silva", "email"=>"eduar20@gmail.com", "password"=>"coisas", "password_confirmation"=>"coisas", "controller"=>"users", "action"=>"new", "user"=>{"first_name"=>"Eduardo", "last_name"=>"Marcos da Silva", "email"=>"eduar20@gmail.com"}}):
  
app/controllers/users_controller.rb:24:in `user_params'
app/controllers/users_controller.rb:6:in `new'
Started POST "/user" for ::1 at 2022-04-18 15:26:16 -0300
  [1m[35m (0.1ms)[0m  [1m[34mSELECT sqlite_version(*)[0m
Processing by UsersController#new as */*
  Parameters: {"first_name"=>"Eduardo", "last_name"=>"Marcos da Silva", "email"=>"eduar20@gmail.com", "password"=>"[FILTERED]", "password_confirmation"=>"[FILTERED]", "user"=>{"first_name"=>"Eduardo", "last_name"=>"Marcos da Silva", "email"=>"eduar20@gmail.com"}}
Can't verify CSRF token authenticity.
Completed 400 Bad Request in 131797ms (ActiveRecord: 5.7ms | Allocations: 156610)


  
ActionController::ParameterMissing (param is missing or the value is empty: {"first_name"=>"Eduardo", "last_name"=>"Marcos da Silva", "email"=>"eduar20@gmail.com", "password"=>"coisas", "password_confirmation"=>"coisas", "controller"=>"users", "action"=>"new", "user"=>{"first_name"=>"Eduardo", "last_name"=>"Marcos da Silva", "email"=>"eduar20@gmail.com"}}):
  
app/controllers/users_controller.rb:24:in `user_params'
app/controllers/users_controller.rb:6:in `new'
Started POST "/user" for ::1 at 2022-04-18 15:28:28 -0300
Processing by UsersController#new as */*
  Parameters: {"user"=>{"first_name"=>"Eduardo", "last_name"=>"Marcos da Silva", "email"=>"eduar20@gmail.com", "password"=>"[FILTERED]", "password_confirmation"=>"[FILTERED]"}}
Can't verify CSRF token authenticity.
Completed 400 Bad Request in 24423ms (ActiveRecord: 0.0ms | Allocations: 77646)


  
ActionController::ParameterMissing (param is missing or the value is empty: {"user"=>#<ActionController::Parameters {"first_name"=>"Eduardo", "last_name"=>"Marcos da Silva", "email"=>"eduar20@gmail.com", "password"=>"coisas", "password_confirmation"=>"coisas"} permitted: false>, "controller"=>"users", "action"=>"new"}):
  
app/controllers/users_controller.rb:24:in `user_params'
app/controllers/users_controller.rb:6:in `new'
Started POST "/user" for ::1 at 2022-04-18 15:29:00 -0300
Processing by UsersController#new as */*
  Parameters: {"user"=>{"first_name"=>"Eduardo", "last_name"=>"Marcos da Silva", "email"=>"eduar20@gmail.com", "password"=>"[FILTERED]", "password_confirmation"=>"[FILTERED]"}}
Can't verify CSRF token authenticity.
Completed 400 Bad Request in 13973ms (Allocations: 79221)


  
ActionController::ParameterMissing (param is missing or the value is empty: {"first_name"=>"Eduardo", "last_name"=>"Marcos da Silva", "email"=>"eduar20@gmail.com", "password"=>"coisas", "password_confirmation"=>"coisas"}):
  
app/controllers/users_controller.rb:24:in `user_params'
app/controllers/users_controller.rb:6:in `new'
Started POST "/user" for ::1 at 2022-04-18 15:31:00 -0300
Processing by UsersController#new as */*
  Parameters: {"user"=>{"first_name"=>"Eduardo", "last_name"=>"Marcos da Silva", "email"=>"eduar20@gmail.com", "password"=>"[FILTERED]", "password_confirmation"=>"[FILTERED]"}}
Can't verify CSRF token authenticity.
  [1m[35m (0.1ms)[0m  [1m[34mSELECT sqlite_version(*)[0m
  ↳ app/controllers/users_controller.rb:6:in `new'
Completed 500 Internal Server Error in 6114ms (ActiveRecord: 12.7ms | Allocations: 71118)


  
NoMethodError (undefined method `password_digest=' for #<User:0x00007f0ed8d0fd98>
Did you mean?  password_diges=
               password_diges
               password_diges?
               password_diges_was):
  
app/controllers/users_controller.rb:6:in `new'
Started POST "/user" for ::1 at 2022-04-18 15:31:27 -0300
Processing by UsersController#new as */*
  Parameters: {"user"=>{"first_name"=>"Eduardo", "last_name"=>"Marcos da Silva", "email"=>"eduar20@gmail.com", "password"=>"[FILTERED]", "password_confirmation"=>"[FILTERED]"}}
Can't verify CSRF token authenticity.
Completed 500 Internal Server Error in 36576ms (ActiveRecord: 0.0ms | Allocations: 84579)


  
NoMethodError (undefined method `password_digest=' for #<User:0x00007f0ecc7843d0>
Did you mean?  password_diges=
               password_diges
               password_diges?
               password_diges_was):
  
app/controllers/users_controller.rb:6:in `new'
Started POST "/user" for ::1 at 2022-04-18 15:32:07 -0300
Processing by UsersController#new as */*
  Parameters: {"user"=>{"first_name"=>"Eduardo", "last_name"=>"Marcos da Silva", "email"=>"eduar20@gmail.com", "password"=>"[FILTERED]", "password_confirmation"=>"[FILTERED]"}}
Can't verify CSRF token authenticity.
  [1m[35m (0.1ms)[0m  [1m[34mSELECT sqlite_version(*)[0m
  ↳ app/controllers/users_controller.rb:5:in `new'
Completed 500 Internal Server Error in 297ms (ActiveRecord: 8.6ms | Allocations: 5386)


  
NoMethodError (undefined method `password_digest=' for #<User:0x00007f0ecd7e5df0>
Did you mean?  password_diges=
               password_diges
               password_diges?
               password_diges_was):
  
app/controllers/users_controller.rb:5:in `new'
  [1m[35m (4.0ms)[0m  [1m[34mSELECT sqlite_version(*)[0m
  [1m[36mActiveRecord::SchemaMigration Pluck (1.4ms)[0m  [1m[34mSELECT "schema_migrations"."version" FROM "schema_migrations" ORDER BY "schema_migrations"."version" ASC[0m
Migrating to Teste (20220418183403)
  [1m[36mTRANSACTION (0.1ms)[0m  [1m[36mbegin transaction[0m
  [1m[36mActiveRecord::SchemaMigration Create (4.4ms)[0m  [1m[32mINSERT INTO "schema_migrations" ("version") VALUES (?)[0m  [["version", "20220418183403"]]
  [1m[36mTRANSACTION (7.3ms)[0m  [1m[36mcommit transaction[0m
  [1m[36mActiveRecord::InternalMetadata Load (1.6ms)[0m  [1m[34mSELECT "ar_internal_metadata".* FROM "ar_internal_metadata" WHERE "ar_internal_metadata"."key" = ? LIMIT ?[0m  [["key", "environment"], ["LIMIT", 1]]
  [1m[35m (0.1ms)[0m  [1m[34mSELECT sqlite_version(*)[0m
  [1m[36mActiveRecord::SchemaMigration Pluck (1.6ms)[0m  [1m[34mSELECT "schema_migrations"."version" FROM "schema_migrations" ORDER BY "schema_migrations"."version" ASC[0m
Started POST "/user" for ::1 at 2022-04-18 15:35:02 -0300
  [1m[35m (0.1ms)[0m  [1m[34mSELECT sqlite_version(*)[0m
  [1m[36mActiveRecord::SchemaMigration Pluck (1.6ms)[0m  [1m[34mSELECT "schema_migrations"."version" FROM "schema_migrations" ORDER BY "schema_migrations"."version" ASC[0m
Processing by UsersController#new as */*
  Parameters: {"user"=>{"first_name"=>"Eduardo", "last_name"=>"Marcos da Silva", "email"=>"eduar20@gmail.com", "password"=>"[FILTERED]", "password_confirmation"=>"[FILTERED]"}}
Can't verify CSRF token authenticity.
Completed 500 Internal Server Error in 291ms (ActiveRecord: 5.9ms | Allocations: 4869)


  
NoMethodError (undefined method `password_digest=' for #<User:0x00007f0ecd286008>
Did you mean?  password_diges=
               password_diges
               password_diges?
               password_diges_was):
  
app/controllers/users_controller.rb:5:in `new'
Started POST "/user" for ::1 at 2022-04-18 15:38:12 -0300
  [1m[35m (0.1ms)[0m  [1m[34mSELECT sqlite_version(*)[0m
  [1m[36mActiveRecord::SchemaMigration Pluck (2.0ms)[0m  [1m[34mSELECT "schema_migrations"."version" FROM "schema_migrations" ORDER BY "schema_migrations"."version" ASC[0m
Processing by UsersController#new as */*
  Parameters: {"user"=>{"first_name"=>"Eduardo", "last_name"=>"Marcos da Silva", "email"=>"eduar20@gmail.com", "password"=>"[FILTERED]", "password_confirmation"=>"[FILTERED]"}}
Can't verify CSRF token authenticity.
Completed 500 Internal Server Error in 287ms (ActiveRecord: 6.8ms | Allocations: 4854)


  
NoMethodError (undefined method `password_digest=' for #<User:0x00007f0ecd9dd7e8>
Did you mean?  password_diges=
               password_diges
               password_diges?
               password_diges_was):
  
app/controllers/users_controller.rb:5:in `new'
Started POST "/user" for ::1 at 2022-04-18 15:38:26 -0300
Processing by UsersController#new as */*
  Parameters: {"user"=>{"first_name"=>"Eduardo", "last_name"=>"Marcos da Silva", "email"=>"eduar20@gmail.com", "password"=>"[FILTERED]", "password_confirmation"=>"[FILTERED]"}}
Can't verify CSRF token authenticity.
  [1m[35m (0.1ms)[0m  [1m[34mSELECT sqlite_version(*)[0m
  ↳ app/controllers/users_controller.rb:5:in `new'
Completed 500 Internal Server Error in 297ms (ActiveRecord: 10.9ms | Allocations: 5380)


  
NoMethodError (undefined method `password_digest=' for #<User:0x00007f0ed86dc160>
Did you mean?  password_diges=
               password_diges
               password_diges?
               password_diges_was):
  
app/controllers/users_controller.rb:5:in `new'
Started POST "/user" for ::1 at 2022-04-18 15:39:51 -0300
Processing by UsersController#new as */*
  Parameters: {"user"=>{"first_name"=>"Eduardo", "last_name"=>"Marcos da Silva", "email"=>"eduar20@gmail.com", "password"=>"[FILTERED]", "password_confirmation"=>"[FILTERED]"}}
Can't verify CSRF token authenticity.
Completed 500 Internal Server Error in 278ms (ActiveRecord: 0.0ms | Allocations: 3165)


  
NoMethodError (undefined method `password_digest=' for #<User:0x00007f0eccdb35a8>
Did you mean?  password_diges=
               password_diges
               password_diges?
               password_diges_was):
  
app/controllers/users_controller.rb:5:in `new'
Started POST "/user" for ::1 at 2022-04-18 15:39:58 -0300
Processing by UsersController#new as */*
  Parameters: {"user"=>{"first_name"=>"Eduardo", "last_name"=>"Marcos da Silva", "email"=>"eduar20@gmail.com", "password"=>"[FILTERED]", "password_confirmation"=>"[FILTERED]"}}
Can't verify CSRF token authenticity.
Completed 500 Internal Server Error in 304ms (ActiveRecord: 0.0ms | Allocations: 3165)


  
NoMethodError (undefined method `password_digest=' for #<User:0x00007f0ecd5ea938>
Did you mean?  password_diges=
               password_diges
               password_diges?
               password_diges_was):
  
app/controllers/users_controller.rb:5:in `new'
Started POST "/user" for ::1 at 2022-04-18 15:41:25 -0300
Processing by UsersController#new as */*
  Parameters: {"user"=>{"first_name"=>"Eduardo", "last_name"=>"Marcos da Silva", "email"=>"eduar20@gmail.com", "password"=>"[FILTERED]", "password_confirmation"=>"[FILTERED]"}}
Can't verify CSRF token authenticity.
  [1m[35m (0.1ms)[0m  [1m[34mSELECT sqlite_version(*)[0m
  ↳ (rdbg)//mnt/c/Users/vitor/OneDrive/Área de Trabalho/AreaDeTrabalho/Estudos/Ruby/course/projects/2_RubyOnRails/1_Login/Login/app/controllers/users_controller.rb:1:in `new'
Completed 500 Internal Server Error in 122720ms (ActiveRecord: 12.5ms | Allocations: 178579)


  
Errno::EIO (Input/output error @ io_write - <STDOUT>):
  
app/controllers/users_controller.rb:5:in `new'
  [1m[35m (3.9ms)[0m  [1m[34mSELECT sqlite_version(*)[0m
